# JRE version: OpenJDK Runtime Environment (8.0_322) (build 1.8.0_322-ga)
# Java VM: OpenJDK 64-Bit Server VM (25.322-bga mixed mode linux-amd64 compressed oops)
Heap:
 PSYoungGen      total 650752K, used 417248K [0x00000000d5580000, 0x00000000ffe00000, 0x0000000100000000)
  eden space 607744K, 63% used [0x00000000d5580000,0x00000000eccb5390,0x00000000fa700000)
  from space 43008K, 76% used [0x00000000fd400000,0x00000000ff442dd8,0x00000000ffe00000)
  to   space 44544K, 0% used [0x00000000fa700000,0x00000000fa700000,0x00000000fd280000)
 ParOldGen       total 416768K, used 293248K [0x0000000080000000, 0x0000000099700000, 0x00000000d5580000)
  object space 416768K, 70% used [0x0000000080000000,0x0000000091e601a8,0x0000000099700000)
 Metaspace       used 65735K, capacity 69156K, committed 69376K, reserved 1110016K
  class space    used 8640K, capacity 9393K, committed 9472K, reserved 1048576K
GC Heap History (10 events):
Event: 1228.977 GC heap before
{Heap before GC invocations=180 (full 8):
 PSYoungGen      total 647168K, used 628007K [0x00000000d5580000, 0x00000000fff00000, 0x0000000100000000)
  eden space 600576K, 100% used [0x00000000d5580000,0x00000000fa000000,0x00000000fa000000)
  from space 46592K, 58% used [0x00000000fa000000,0x00000000fbac9ea0,0x00000000fcd80000)
  to   space 45568K, 0% used [0x00000000fd280000,0x00000000fd280000,0x00000000fff00000)
 ParOldGen       total 416768K, used 283599K [0x0000000080000000, 0x0000000099700000, 0x00000000d5580000)
  object space 416768K, 68% used [0x0000000080000000,0x00000000914f3f28,0x0000000099700000)
 Metaspace       used 65353K, capacity 68768K, committed 68992K, reserved 1110016K
  class space    used 8607K, capacity 9317K, committed 9344K, reserved 1048576K
Event: 1228.992 GC heap after
Heap after GC invocations=180 (full 8):
 PSYoungGen      total 650240K, used 28977K [0x00000000d5580000, 0x00000000ffd00000, 0x0000000100000000)
  eden space 606720K, 0% used [0x00000000d5580000,0x00000000d5580000,0x00000000fa600000)
  from space 43520K, 66% used [0x00000000fd280000,0x00000000feecc628,0x00000000ffd00000)
  to   space 44544K, 0% used [0x00000000fa600000,0x00000000fa600000,0x00000000fd180000)
 ParOldGen       total 416768K, used 285113K [0x0000000080000000, 0x0000000099700000, 0x00000000d5580000)
  object space 416768K, 68% used [0x0000000080000000,0x000000009166e448,0x0000000099700000)
 Metaspace       used 65353K, capacity 68768K, committed 68992K, reserved 1110016K
  class space    used 8607K, capacity 9317K, committed 9344K, reserved 1048576K
}
Event: 1231.259 GC heap before
{Heap before GC invocations=181 (full 8):
 PSYoungGen      total 650240K, used 635697K [0x00000000d5580000, 0x00000000ffd00000, 0x0000000100000000)
  eden space 606720K, 100% used [0x00000000d5580000,0x00000000fa600000,0x00000000fa600000)
  from space 43520K, 66% used [0x00000000fd280000,0x00000000feecc628,0x00000000ffd00000)
  to   space 44544K, 0% used [0x00000000fa600000,0x00000000fa600000,0x00000000fd180000)
 ParOldGen       total 416768K, used 285113K [0x0000000080000000, 0x0000000099700000, 0x00000000d5580000)
  object space 416768K, 68% used [0x0000000080000000,0x000000009166e448,0x0000000099700000)
 Metaspace       used 65365K, capacity 68768K, committed 68992K, reserved 1110016K
  class space    used 8608K, capacity 9317K, committed 9344K, reserved 1048576K
Event: 1231.296 GC heap after
Heap after GC invocations=181 (full 8):
 PSYoungGen      total 651264K, used 29858K [0x00000000d5580000, 0x00000000ffe00000, 0x0000000100000000)
  eden space 606720K, 0% used [0x00000000d5580000,0x00000000d5580000,0x00000000fa600000)
  from space 44544K, 67% used [0x00000000fa600000,0x00000000fc328828,0x00000000fd180000)
  to   space 43008K, 0% used [0x00000000fd400000,0x00000000fd400000,0x00000000ffe00000)
 ParOldGen       total 416768K, used 288188K [0x0000000080000000, 0x0000000099700000, 0x00000000d5580000)
  object space 416768K, 69% used [0x0000000080000000,0x000000009196f0b8,0x0000000099700000)
 Metaspace       used 65365K, capacity 68768K, committed 68992K, reserved 1110016K
  class space    used 8608K, capacity 9317K, committed 9344K, reserved 1048576K
}
Event: 1234.129 GC heap before
{Heap before GC invocations=182 (full 8):
 PSYoungGen      total 651264K, used 636578K [0x00000000d5580000, 0x00000000ffe00000, 0x0000000100000000)
  eden space 606720K, 100% used [0x00000000d5580000,0x00000000fa600000,0x00000000fa600000)
  from space 44544K, 67% used [0x00000000fa600000,0x00000000fc328828,0x00000000fd180000)
  to   space 43008K, 0% used [0x00000000fd400000,0x00000000fd400000,0x00000000ffe00000)
 ParOldGen       total 416768K, used 288188K [0x0000000080000000, 0x0000000099700000, 0x00000000d5580000)
  object space 416768K, 69% used [0x0000000080000000,0x000000009196f0b8,0x0000000099700000)
 Metaspace       used 65368K, capacity 68768K, committed 68992K, reserved 1110016K
  class space    used 8608K, capacity 9317K, committed 9344K, reserved 1048576K
Event: 1234.158 GC heap after
Heap after GC invocations=182 (full 8):
 PSYoungGen      total 649728K, used 41944K [0x00000000d5580000, 0x0000000100000000, 0x0000000100000000)
  eden space 606720K, 0% used [0x00000000d5580000,0x00000000d5580000,0x00000000fa600000)
  from space 43008K, 97% used [0x00000000fd400000,0x00000000ffcf6108,0x00000000ffe00000)
  to   space 46080K, 0% used [0x00000000fa600000,0x00000000fa600000,0x00000000fd300000)
 ParOldGen       total 416768K, used 290305K [0x0000000080000000, 0x0000000099700000, 0x00000000d5580000)
  object space 416768K, 69% used [0x0000000080000000,0x0000000091b807a8,0x0000000099700000)
 Metaspace       used 65368K, capacity 68768K, committed 68992K, reserved 1110016K
  class space    used 8608K, capacity 9317K, committed 9344K, reserved 1048576K
}
Event: 1236.246 GC heap before
{Heap before GC invocations=183 (full 8):
 PSYoungGen      total 649728K, used 648664K [0x00000000d5580000, 0x0000000100000000, 0x0000000100000000)
  eden space 606720K, 100% used [0x00000000d5580000,0x00000000fa600000,0x00000000fa600000)
  from space 43008K, 97% used [0x00000000fd400000,0x00000000ffcf6108,0x00000000ffe00000)
  to   space 46080K, 0% used [0x00000000fa600000,0x00000000fa600000,0x00000000fd300000)
 ParOldGen       total 416768K, used 290305K [0x0000000080000000, 0x0000000099700000, 0x00000000d5580000)
  object space 416768K, 69% used [0x0000000080000000,0x0000000091b807a8,0x0000000099700000)
 Metaspace       used 65402K, capacity 68768K, committed 68992K, reserved 1110016K
  class space    used 8608K, capacity 9317K, committed 9344K, reserved 1048576K
Event: 1236.268 GC heap after
Heap after GC invocations=183 (full 8):
 PSYoungGen      total 652800K, used 28607K [0x00000000d5580000, 0x0000000100000000, 0x0000000100000000)
  eden space 606720K, 0% used [0x00000000d5580000,0x00000000d5580000,0x00000000fa600000)
  from space 46080K, 62% used [0x00000000fa600000,0x00000000fc1efcf0,0x00000000fd300000)
  to   space 45056K, 0% used [0x00000000fd400000,0x00000000fd400000,0x0000000100000000)
 ParOldGen       total 416768K, used 291887K [0x0000000080000000, 0x0000000099700000, 0x00000000d5580000)
  object space 416768K, 70% used [0x0000000080000000,0x0000000091d0bcc8,0x0000000099700000)
 Metaspace       used 65402K, capacity 68768K, committed 68992K, reserved 1110016K
  class space    used 8608K, capacity 9317K, committed 9344K, reserved 1048576K
}
Event: 1240.446 GC heap before
{Heap before GC invocations=184 (full 8):
 PSYoungGen      total 652800K, used 635327K [0x00000000d5580000, 0x0000000100000000, 0x0000000100000000)
  eden space 606720K, 100% used [0x00000000d5580000,0x00000000fa600000,0x00000000fa600000)
  from space 46080K, 62% used [0x00000000fa600000,0x00000000fc1efcf0,0x00000000fd300000)
  to   space 45056K, 0% used [0x00000000fd400000,0x00000000fd400000,0x0000000100000000)
 ParOldGen       total 416768K, used 291887K [0x0000000080000000, 0x0000000099700000, 0x00000000d5580000)
  object space 416768K, 70% used [0x0000000080000000,0x0000000091d0bcc8,0x0000000099700000)
 Metaspace       used 65407K, capacity 68768K, committed 68992K, reserved 1110016K
  class space    used 8608K, capacity 9317K, committed 9344K, reserved 1048576K
Event: 1240.483 GC heap after
Heap after GC invocations=184 (full 8):
 PSYoungGen      total 650752K, used 33035K [0x00000000d5580000, 0x00000000ffe00000, 0x0000000100000000)
  eden space 607744K, 0% used [0x00000000d5580000,0x00000000d5580000,0x00000000fa700000)
  from space 43008K, 76% used [0x00000000fd400000,0x00000000ff442dd8,0x00000000ffe00000)
  to   space 44544K, 0% used [0x00000000fa700000,0x00000000fa700000,0x00000000fd280000)
 ParOldGen       total 416768K, used 293248K [0x0000000080000000, 0x0000000099700000, 0x00000000d5580000)
  object space 416768K, 70% used [0x0000000080000000,0x0000000091e601a8,0x0000000099700000)
 Metaspace       used 65407K, capacity 68768K, committed 68992K, reserved 1110016K
  class space    used 8608K, capacity 9317K, committed 9344K, reserved 1048576K
}

